TN:
SF:C:\Users\wainw\source\repos\kindness\benches\my_benchmark.rs
FNF:0
DA:68,0
DA:69,0
DA:79,0
DA:80,0
DA:83,0
DA:84,0
LF:6
LH:0
end_of_record
TN:
SF:C:\Users\wainw\source\repos\kindness\src\coin_flipper.rs
FNF:0
DA:12,100000
DA:21,0
DA:22,0
DA:23,0
DA:25,0
DA:26,0
DA:28,0
DA:29,0
DA:30,0
DA:31,0
DA:34,0
DA:35,0
DA:36,0
DA:38,0
DA:39,0
DA:48,5029876
DA:49,5029876
DA:54,5029876
DA:56,5029876
DA:57,1389247
DA:58,1389247
DA:60,3640629
DA:67,1389247
DA:98,2887984
DA:101,1761529
DA:103,1761529
DA:106,2639637
DA:107,878108
DA:108,878108
DA:109,878108
DA:110,878108
DA:111,878108
DA:114,883421
DA:117,870627
DA:118,1741254
DA:120,249998
DA:122,620629
DA:125,12794
DA:129,1126455
DA:132,279876
DA:133,279876
DA:135,45714
DA:137,234162
DA:139,234162
DA:140,0
DA:143,234162
DA:146,1688274
DA:147,727056
DA:148,727056
DA:150,727056
DA:153,234162
DA:154,234162
DA:155,234162
DA:156,234162
DA:157,234162
DA:158,234162
DA:166,6791405
DA:167,6791405
DA:170,7231746
DA:171,7231746
DA:173,7231746
DA:180,4524050
DA:182,4524050
DA:183,4524050
DA:187,4975051
DA:190,2267355
DA:191,2267355
DA:192,2267355
DA:194,440341
DA:195,440341
DA:196,440341
DA:197,440341
DA:199,440341
DA:200,440341
DA:201,440341
DA:202,440341
LF:76
LH:61
end_of_record
TN:
SF:C:\Users\wainw\source\repos\kindness\src\lib.rs
FNF:0
DA:50,0
DA:51,0
DA:56,20000
DA:67,40000
DA:68,0
DA:71,20000
DA:72,20000
DA:73,20000
DA:74,20000
DA:76,3980000
DA:77,1980000
DA:78,1980000
DA:79,0
DA:80,990000
DA:81,990000
DA:82,1202257
DA:83,212257
DA:86,990000
DA:87,1080000
DA:88,90000
DA:89,90000
DA:90,90000
DA:96,20000
DA:99,40000
DA:112,80000
DA:113,0
DA:116,40000
DA:117,40000
DA:118,40000
DA:120,7960000
DA:121,3960000
DA:122,0
DA:123,1980000
DA:124,2404514
DA:125,424514
DA:128,1980000
DA:129,2160000
DA:130,180000
DA:131,180000
DA:137,40000
DA:151,30000
DA:152,30000
DA:153,30000
DA:155,30000
DA:156,30000
DA:157,30000
DA:158,30000
DA:159,10000
DA:160,0
DA:162,10000
DA:166,20000
DA:167,20000
DA:168,20000
DA:171,0
DA:172,279876
DA:173,0
DA:174,0
DA:175,0
DA:176,0
DA:178,0
DA:180,0
DA:181,0
DA:183,0
DA:184,0
DA:185,0
DA:188,279876
DA:189,279876
DA:190,279876
DA:191,279876
DA:192,20000
DA:194,259876
DA:196,363922
DA:197,104046
DA:201,259876
DA:202,259876
DA:203,259876
DA:211,10000
DA:215,10000
DA:222,10000
DA:227,10000
DA:234,20000
DA:242,20000
DA:248,10000
DA:252,10000
DA:259,10000
DA:264,10000
DA:271,20000
DA:279,20000
DA:287,10000
DA:294,10000
DA:295,10000
DA:296,10000
DA:306,10000
DA:320,10000
DA:321,10000
DA:322,10000
DA:323,2010000
DA:324,1000000
DA:325,900000
DA:326,900000
DA:327,900000
DA:328,1092819
DA:329,192819
DA:330,192819
DA:333,100000
DA:334,100000
DA:339,10000
DA:346,10000
DA:351,10000
DA:352,10000
DA:353,10000
DA:361,10000
DA:375,10000
DA:376,10000
DA:377,10000
DA:378,2010000
DA:379,1000000
DA:380,2900000
DA:382,1000000
DA:383,900000
DA:384,900000
DA:385,1092819
DA:386,192819
DA:389,100000
DA:390,100000
DA:395,10000
DA:403,10000
DA:404,10000
DA:405,10000
DA:407,0
LF:130
LH:111
end_of_record
TN:
SF:C:\Users\wainw\source\repos\kindness\src\unique.rs
FNF:0
DA:16,10000
DA:28,110000
DA:29,320000
DA:32,0
DA:33,0
DA:36,0
DA:40,0
DA:43,0
DA:47,0
DA:50,0
DA:51,0
LF:11
LH:3
end_of_record
