TN:
SF:C:\Source\rust\kindness\benches\my_benchmark.rs
FNF:0
DA:82,0
DA:83,0
DA:93,0
DA:94,0
DA:97,0
DA:98,0
LF:6
LH:0
end_of_record
TN:
SF:C:\Source\rust\kindness\src\coin_flipper.rs
FNF:0
DA:12,100000
DA:21,0
DA:22,0
DA:23,0
DA:25,0
DA:26,0
DA:28,0
DA:29,0
DA:30,0
DA:31,0
DA:34,0
DA:35,0
DA:36,0
DA:38,0
DA:39,0
DA:48,5029876
DA:49,5029876
DA:54,5029876
DA:56,5029876
DA:57,1389247
DA:58,1389247
DA:60,3640629
DA:67,1389247
DA:98,2887984
DA:101,1761529
DA:103,1761529
DA:106,2639637
DA:107,878108
DA:108,878108
DA:109,878108
DA:110,878108
DA:111,878108
DA:114,883421
DA:117,870627
DA:118,1741254
DA:120,249998
DA:122,620629
DA:125,12794
DA:129,1126455
DA:132,279876
DA:133,279876
DA:135,45714
DA:137,234162
DA:139,234162
DA:140,0
DA:143,234162
DA:146,1688274
DA:147,727056
DA:148,727056
DA:150,727056
DA:153,234162
DA:154,234162
DA:155,234162
DA:156,234162
DA:157,234162
DA:158,234162
DA:166,6791405
DA:167,6791405
DA:170,7231746
DA:171,7231746
DA:173,7231746
DA:180,4524050
DA:182,4524050
DA:183,4524050
DA:187,4975051
DA:190,2267355
DA:191,2267355
DA:192,2267355
DA:194,440341
DA:195,440341
DA:196,440341
DA:197,440341
DA:199,440341
DA:200,440341
DA:201,440341
DA:202,440341
LF:76
LH:61
end_of_record
TN:
SF:C:\Source\rust\kindness\src\lib.rs
FNF:0
DA:52,20000
DA:63,40000
DA:64,0
DA:67,20000
DA:68,20000
DA:69,20000
DA:70,20000
DA:72,3980000
DA:73,1980000
DA:74,1980000
DA:75,0
DA:76,990000
DA:77,990000
DA:78,1202257
DA:79,212257
DA:82,990000
DA:83,1080000
DA:84,90000
DA:85,90000
DA:86,90000
DA:92,20000
DA:95,40000
DA:108,80000
DA:109,0
DA:112,40000
DA:113,40000
DA:114,40000
DA:116,7960000
DA:117,3960000
DA:118,0
DA:119,1980000
DA:120,2404514
DA:121,424514
DA:124,1980000
DA:125,2160000
DA:126,180000
DA:127,180000
DA:133,40000
DA:147,30000
DA:148,30000
DA:149,30000
DA:151,30000
DA:152,30000
DA:153,30000
DA:154,30000
DA:155,10000
DA:156,0
DA:158,10000
DA:162,20000
DA:163,20000
DA:164,20000
DA:167,0
DA:168,279876
DA:169,0
DA:170,0
DA:171,0
DA:172,0
DA:174,0
DA:176,0
DA:177,0
DA:179,0
DA:180,0
DA:181,0
DA:184,279876
DA:185,279876
DA:186,279876
DA:187,279876
DA:188,20000
DA:190,259876
DA:192,363922
DA:193,104046
DA:197,259876
DA:198,259876
DA:199,259876
DA:207,10000
DA:211,10000
DA:218,10000
DA:223,10000
DA:230,20000
DA:238,20000
DA:244,10000
DA:248,10000
DA:255,10000
DA:260,10000
DA:267,20000
DA:275,20000
DA:283,10000
DA:290,10000
DA:291,10000
DA:292,10000
DA:302,10000
DA:316,10000
DA:317,10000
DA:318,10000
DA:319,2010000
DA:320,1000000
DA:321,900000
DA:322,900000
DA:323,900000
DA:324,1092819
DA:325,192819
DA:326,192819
DA:329,100000
DA:330,100000
DA:335,10000
DA:342,10000
DA:347,10000
DA:348,10000
DA:349,10000
DA:357,10000
DA:371,10000
DA:372,10000
DA:373,10000
DA:374,2010000
DA:375,1000000
DA:376,2900000
DA:378,1000000
DA:379,900000
DA:380,900000
DA:381,1092819
DA:382,192819
DA:385,100000
DA:386,100000
DA:391,10000
DA:399,10000
DA:400,10000
DA:401,10000
DA:403,0
LF:128
LH:111
end_of_record
TN:
SF:C:\Source\rust\kindness\src\unique.rs
FNF:0
DA:16,10000
DA:28,110000
DA:29,320000
DA:32,0
DA:33,0
DA:36,0
DA:40,0
DA:43,0
DA:47,0
DA:50,0
DA:51,0
LF:11
LH:3
end_of_record
